<?xml version="1.0" encoding="UTF-8"?>
<!-- Generated by org.testng.reporters.JUnitReportReporter -->
<testsuite hostname="GVijaySankar" failures="0" tests="1" name="TestAutomation.Scripts.Suite.loginValidationsUsingSuiteTest" time="0.006" errors="1" timestamp="23 May 2024 16:07:28 GMT">
  <testcase classname="TestAutomation.Scripts.Suite.loginValidationsUsingSuiteTest" name="verifystudentDetailworkFlows" time="0.006">
    <error message="
Parameter &#039;Browser&#039; is required by @Configuration on method BrowserTest but has not been marked @Optional or defined
in C:\Users\gvija\AppData\Local\Temp\testng-eclipse--27095958\testng-customsuite.xml" type="org.testng.TestNGException">
      <![CDATA[org.testng.TestNGException: 
Parameter 'Browser' is required by @Configuration on method BrowserTest but has not been marked @Optional or defined
in C:\Users\gvija\AppData\Local\Temp\testng-eclipse--27095958\testng-customsuite.xml
	at org.testng.internal.Parameters.createParameters(Parameters.java:154)
	at org.testng.internal.Parameters.createParameters(Parameters.java:361)
	at org.testng.internal.Parameters.createConfigurationParameters(Parameters.java:84)
	at org.testng.internal.Invoker.invokeConfigurations(Invoker.java:197)
	at org.testng.internal.Invoker.invokeConfigurations(Invoker.java:138)
	at org.testng.TestRunner.beforeRun(TestRunner.java:648)
	at org.testng.TestRunner.run(TestRunner.java:616)
	at org.testng.SuiteRunner.runTest(SuiteRunner.java:359)
	at org.testng.SuiteRunner.runSequentially(SuiteRunner.java:354)
	at org.testng.SuiteRunner.privateRun(SuiteRunner.java:312)
	at org.testng.SuiteRunner.run(SuiteRunner.java:261)
	at org.testng.SuiteRunnerWorker.runSuite(SuiteRunnerWorker.java:52)
	at org.testng.SuiteRunnerWorker.run(SuiteRunnerWorker.java:86)
	at org.testng.TestNG.runSuitesSequentially(TestNG.java:1191)
	at org.testng.TestNG.runSuitesLocally(TestNG.java:1116)
	at org.testng.TestNG.run(TestNG.java:1024)
	at org.testng.remote.AbstractRemoteTestNG.run(AbstractRemoteTestNG.java:115)
	at org.testng.remote.RemoteTestNG.initAndRun(RemoteTestNG.java:251)
	at org.testng.remote.RemoteTestNG.main(RemoteTestNG.java:77)
]]>
    </error>
  </testcase> <!-- verifystudentDetailworkFlows -->
</testsuite> <!-- TestAutomation.Scripts.Suite.loginValidationsUsingSuiteTest -->
